2020-01-16 09:24:59,854 [Worker-1: Loading available Gradle versions] INFO  o.e.b.c.i.u.g.PublishedGradleVersions - Gradle version information cache is up-to-date. Trying to read.
2020-01-16 09:28:38,057 [Worker-10: Updating Maven Dependencies] INFO  o.e.m.c.i.l.LifecycleMappingFactory - Using org.eclipse.m2e.jdt.JarLifecycleMapping lifecycle mapping for MavenProject: 2dam.ORM:2dam.ORM:0.0.1-SNAPSHOT @ C:\Users\Usuario\Documents\GitHub\Ejercicio-ORM-2DAM-1920\2dam.ORM\pom.xml.
2020-01-16 09:28:38,061 [Worker-0: Building workspace] INFO  o.e.m.c.i.l.LifecycleMappingFactory - Using org.eclipse.m2e.jdt.JarLifecycleMapping lifecycle mapping for MavenProject: 2dam.ORM:2dam.ORM:0.0.1-SNAPSHOT @ C:\Users\Usuario\Documents\GitHub\Ejercicio-ORM-2DAM-1920\2dam.ORM\pom.xml.
2020-01-16 09:28:39,914 [Worker-0: Building workspace] WARN  o.e.m.c.i.embedder.EclipseLogger - Using platform encoding (Cp1252 actually) to copy filtered resources, i.e. build is platform dependent!
2020-01-16 09:28:39,934 [Worker-0: Building workspace] INFO  o.e.m.c.i.embedder.EclipseLogger - skip non existing resourceDirectory C:\Users\Usuario\Documents\GitHub\Ejercicio-ORM-2DAM-1920\2dam.ORM\src\main\resources
2020-01-16 09:28:39,937 [Worker-0: Building workspace] WARN  o.e.m.c.i.embedder.EclipseLogger - Using platform encoding (Cp1252 actually) to copy filtered resources, i.e. build is platform dependent!
2020-01-16 09:28:39,950 [Worker-0: Building workspace] INFO  o.e.m.c.i.embedder.EclipseLogger - skip non existing resourceDirectory C:\Users\Usuario\Documents\GitHub\Ejercicio-ORM-2DAM-1920\2dam.ORM\src\test\resources
2020-01-16 09:28:42,209 [Worker-15: Updating Maven Dependencies] INFO  o.e.m.c.i.l.LifecycleMappingFactory - Using org.eclipse.m2e.jdt.JarLifecycleMapping lifecycle mapping for MavenProject: 2dam.ORM:2dam.ORM:0.0.1-SNAPSHOT @ C:\Users\Usuario\Documents\GitHub\Ejercicio-ORM-2DAM-1920\2dam.ORM\pom.xml.
2020-01-16 09:28:43,157 [Worker-6: Building workspace] WARN  o.e.m.c.i.embedder.EclipseLogger - Using platform encoding (Cp1252 actually) to copy filtered resources, i.e. build is platform dependent!
2020-01-16 09:28:43,175 [Worker-6: Building workspace] INFO  o.e.m.c.i.embedder.EclipseLogger - skip non existing resourceDirectory C:\Users\Usuario\Documents\GitHub\Ejercicio-ORM-2DAM-1920\2dam.ORM\src\main\resources
2020-01-16 09:28:43,178 [Worker-6: Building workspace] WARN  o.e.m.c.i.embedder.EclipseLogger - Using platform encoding (Cp1252 actually) to copy filtered resources, i.e. build is platform dependent!
2020-01-16 09:28:43,213 [Worker-6: Building workspace] INFO  o.e.m.c.i.embedder.EclipseLogger - skip non existing resourceDirectory C:\Users\Usuario\Documents\GitHub\Ejercicio-ORM-2DAM-1920\2dam.ORM\src\test\resources
2020-01-16 09:28:52,880 [Worker-0: Building workspace] WARN  o.e.m.c.i.embedder.EclipseLogger - Using platform encoding (Cp1252 actually) to copy filtered resources, i.e. build is platform dependent!
2020-01-16 09:28:52,913 [Worker-0: Building workspace] INFO  o.e.m.c.i.embedder.EclipseLogger - skip non existing resourceDirectory C:\Users\Usuario\Documents\GitHub\Ejercicio-ORM-2DAM-1920\2dam.ORM\src\main\resources
2020-01-16 09:28:52,916 [Worker-0: Building workspace] WARN  o.e.m.c.i.embedder.EclipseLogger - Using platform encoding (Cp1252 actually) to copy filtered resources, i.e. build is platform dependent!
2020-01-16 09:28:52,939 [Worker-0: Building workspace] INFO  o.e.m.c.i.embedder.EclipseLogger - skip non existing resourceDirectory C:\Users\Usuario\Documents\GitHub\Ejercicio-ORM-2DAM-1920\2dam.ORM\src\test\resources
2020-01-16 09:33:38,921 [Worker-15: Building workspace] WARN  o.e.m.c.i.embedder.EclipseLogger - Using platform encoding (Cp1252 actually) to copy filtered resources, i.e. build is platform dependent!
2020-01-16 09:33:38,941 [Worker-15: Building workspace] INFO  o.e.m.c.i.embedder.EclipseLogger - skip non existing resourceDirectory C:\Users\Usuario\Documents\GitHub\Ejercicio-ORM-2DAM-1920\2dam.ORM\src\main\resources
2020-01-16 09:33:38,942 [Worker-15: Building workspace] WARN  o.e.m.c.i.embedder.EclipseLogger - Using platform encoding (Cp1252 actually) to copy filtered resources, i.e. build is platform dependent!
2020-01-16 09:33:38,955 [Worker-15: Building workspace] INFO  o.e.m.c.i.embedder.EclipseLogger - skip non existing resourceDirectory C:\Users\Usuario\Documents\GitHub\Ejercicio-ORM-2DAM-1920\2dam.ORM\src\test\resources
2020-01-16 09:46:25,230 [Worker-1: Loading available Gradle versions] INFO  o.e.b.c.i.u.g.PublishedGradleVersions - Gradle version information cache is up-to-date. Trying to read.
2020-01-16 09:46:31,290 [Worker-10: Building workspace] WARN  o.e.m.c.i.embedder.EclipseLogger - Using platform encoding (Cp1252 actually) to copy filtered resources, i.e. build is platform dependent!
2020-01-16 09:46:31,326 [Worker-10: Building workspace] INFO  o.e.m.c.i.embedder.EclipseLogger - skip non existing resourceDirectory C:\Users\Usuario\Documents\GitHub\Ejercicio-ORM-2DAM-1920\2dam.ORM\src\main\resources
2020-01-16 09:46:31,329 [Worker-10: Building workspace] WARN  o.e.m.c.i.embedder.EclipseLogger - Using platform encoding (Cp1252 actually) to copy filtered resources, i.e. build is platform dependent!
2020-01-16 09:46:31,342 [Worker-10: Building workspace] INFO  o.e.m.c.i.embedder.EclipseLogger - skip non existing resourceDirectory C:\Users\Usuario\Documents\GitHub\Ejercicio-ORM-2DAM-1920\2dam.ORM\src\test\resources
2020-01-16 09:53:59,502 [Worker-11: Building workspace] WARN  o.e.m.c.i.embedder.EclipseLogger - Using platform encoding (Cp1252 actually) to copy filtered resources, i.e. build is platform dependent!
2020-01-16 09:53:59,527 [Worker-11: Building workspace] INFO  o.e.m.c.i.embedder.EclipseLogger - skip non existing resourceDirectory C:\Users\Usuario\Documents\GitHub\Ejercicio-ORM-2DAM-1920\2dam.ORM\src\main\resources
2020-01-16 09:53:59,529 [Worker-11: Building workspace] WARN  o.e.m.c.i.embedder.EclipseLogger - Using platform encoding (Cp1252 actually) to copy filtered resources, i.e. build is platform dependent!
2020-01-16 09:53:59,549 [Worker-11: Building workspace] INFO  o.e.m.c.i.embedder.EclipseLogger - skip non existing resourceDirectory C:\Users\Usuario\Documents\GitHub\Ejercicio-ORM-2DAM-1920\2dam.ORM\src\test\resources
